апр. 17, 2025 9:19:11 PM Calculator.src.main.java.OperationFactory calculate
INFO: Executed command: PUSH
апр. 17, 2025 9:19:11 PM Calculator.src.main.java.OperationFactory calculate
INFO: Executed command: PUSH
апр. 17, 2025 9:19:11 PM Calculator.src.main.java.OperationFactory calculate
INFO: Executed command: +
апр. 17, 2025 9:19:11 PM Calculator.src.main.java.OperationFactory calculate
INFO: Executed command: PRINT
апр. 17, 2025 9:26:05 PM Calculator.src.main.java.OperationFactory calculate
INFO: Executed command: PUSH 4
апр. 17, 2025 9:26:05 PM Calculator.src.main.java.OperationFactory calculate
INFO: Executed command: PUSH 56
апр. 17, 2025 9:26:05 PM Calculator.src.main.java.OperationFactory calculate
INFO: Executed command: +
апр. 17, 2025 9:26:05 PM Calculator.src.main.java.OperationFactory calculate
INFO: Executed command: PRINT
апр. 17, 2025 9:27:41 PM Calculator.src.main.java.OperationFactory calculate
INFO: Executed command: PUSH 4
апр. 17, 2025 9:27:41 PM Calculator.src.main.java.OperationFactory calculate
INFO: Executed command: PUSH 56
апр. 17, 2025 9:27:41 PM Calculator.src.main.java.OperationFactory calculate
INFO: Executed command: +
апр. 17, 2025 9:27:41 PM Calculator.src.main.java.OperationFactory calculate
INFO: Executed command: PRINT gfhf hfgh fh f
апр. 17, 2025 9:31:34 PM Calculator.src.main.java.OperationFactory calculate
INFO: Executed command: PUSH 4
апр. 17, 2025 9:31:34 PM Calculator.src.main.java.OperationFactory calculate
INFO: Executed command: PUSH 56
апр. 17, 2025 9:31:34 PM Calculator.src.main.java.OperationFactory calculate
INFO: Executed command: +
апр. 17, 2025 9:32:21 PM Calculator.src.main.java.OperationFactory calculate
INFO: Executed command: PUSH 4
апр. 17, 2025 9:32:21 PM Calculator.src.main.java.OperationFactory calculate
INFO: Executed command: PUSH 56
апр. 17, 2025 9:32:21 PM Calculator.src.main.java.OperationFactory calculate
INFO: Executed command: +
апр. 17, 2025 9:46:05 PM Calculator.src.main.java.OperationFactory calculate
INFO: Executed command: PUSH 4
апр. 17, 2025 9:46:05 PM Calculator.src.main.java.OperationFactory calculate
INFO: Executed command: PUSH 56
апр. 17, 2025 9:46:05 PM Calculator.src.main.java.OperationFactory calculate
INFO: Executed command: +
апр. 17, 2025 9:46:05 PM Calculator.src.main.java.OperationFactory calculate
INFO: Executed command: DEFINE a 4
